{
  "stats": {
    "suites": 1,
    "tests": 2,
    "passes": 2,
    "pending": 0,
    "failures": 0,
    "start": "2022-02-23T11:51:05.055Z",
    "end": "2022-02-23T11:51:10.579Z",
    "duration": 5524,
    "testsRegistered": 2,
    "passPercent": 100,
    "pendingPercent": 0,
    "other": 0,
    "hasOther": false,
    "skipped": 0,
    "hasSkipped": false
  },
  "results": [
    {
      "uuid": "819a2cad-098c-4da1-b202-41d700992e65",
      "title": "",
      "fullFile": "",
      "file": "",
      "beforeHooks": [],
      "afterHooks": [],
      "tests": [],
      "suites": [
        {
          "uuid": "2fa804dd-b336-4106-a630-68ef16399826",
          "title": "USERS POSTS",
          "fullFile": "C:\\Users\\mcarranza\\OneDrive - ENDAVA\\Desktop\\api\\test\\post.js",
          "file": "\\test\\post.js",
          "beforeHooks": [
            {
              "title": "\"before all\" hook in \"USERS POSTS\"",
              "fullTitle": "USERS POSTS \"before all\" hook in \"USERS POSTS\"",
              "timedOut": false,
              "duration": 2079,
              "state": null,
              "speed": null,
              "pass": false,
              "fail": false,
              "pending": false,
              "context": null,
              "code": "var self = this,\n    args = arguments;\nreturn new Promise(function (resolve, reject) {\n  var gen = fn.apply(self, args);\n  function _next(value) {\n    asyncGeneratorStep(gen, resolve, reject, _next, _throw, \"next\", value);\n  }\n  function _throw(err) {\n    asyncGeneratorStep(gen, resolve, reject, _next, _throw, \"throw\", err);\n  }\n  _next(undefined);\n});",
              "err": {},
              "uuid": "cbb36b14-b521-437e-be71-1c588b3c5f15",
              "parentUUID": "2fa804dd-b336-4106-a630-68ef16399826",
              "isHook": true,
              "skipped": false
            }
          ],
          "afterHooks": [],
          "tests": [
            {
              "title": "POST USERS",
              "fullTitle": "USERS POSTS POST USERS",
              "timedOut": false,
              "duration": 1730,
              "state": "passed",
              "speed": "slow",
              "pass": true,
              "fail": false,
              "pending": false,
              "context": null,
              "code": "var self = this,\n    args = arguments;\nreturn new Promise(function (resolve, reject) {\n  var gen = fn.apply(self, args);\n  function _next(value) {\n    asyncGeneratorStep(gen, resolve, reject, _next, _throw, \"next\", value);\n  }\n  function _throw(err) {\n    asyncGeneratorStep(gen, resolve, reject, _next, _throw, \"throw\", err);\n  }\n  _next(undefined);\n});",
              "err": {},
              "uuid": "06fbdd7e-72d1-486b-ae74-b4e25595db72",
              "parentUUID": "2fa804dd-b336-4106-a630-68ef16399826",
              "isHook": false,
              "skipped": false
            },
            {
              "title": "GET CASE",
              "fullTitle": "USERS POSTS GET CASE",
              "timedOut": false,
              "duration": 1711,
              "state": "passed",
              "speed": "slow",
              "pass": true,
              "fail": false,
              "pending": false,
              "context": null,
              "code": "var self = this,\n    args = arguments;\nreturn new Promise(function (resolve, reject) {\n  var gen = fn.apply(self, args);\n  function _next(value) {\n    asyncGeneratorStep(gen, resolve, reject, _next, _throw, \"next\", value);\n  }\n  function _throw(err) {\n    asyncGeneratorStep(gen, resolve, reject, _next, _throw, \"throw\", err);\n  }\n  _next(undefined);\n});",
              "err": {},
              "uuid": "24fb3691-ebc2-4322-a383-ef63fc467b2a",
              "parentUUID": "2fa804dd-b336-4106-a630-68ef16399826",
              "isHook": false,
              "skipped": false
            }
          ],
          "suites": [],
          "passes": [
            "06fbdd7e-72d1-486b-ae74-b4e25595db72",
            "24fb3691-ebc2-4322-a383-ef63fc467b2a"
          ],
          "failures": [],
          "pending": [],
          "skipped": [],
          "duration": 3441,
          "root": false,
          "rootEmpty": false,
          "_timeout": 10000
        }
      ],
      "passes": [],
      "failures": [],
      "pending": [],
      "skipped": [],
      "duration": 0,
      "root": true,
      "rootEmpty": true,
      "_timeout": 10000
    }
  ],
  "meta": {
    "mocha": {
      "version": "9.2.1"
    },
    "mochawesome": {
      "options": {
        "quiet": false,
        "reportFilename": "mochawesome",
        "saveHtml": true,
        "saveJson": true,
        "consoleReporter": "spec",
        "useInlineDiffs": false,
        "code": true
      },
      "version": "7.0.1"
    },
    "marge": {
      "options": null,
      "version": "6.0.1"
    }
  }
}